<?xml version="1.0" encoding="UTF-8"?>
<testng-results ignored="0" total="1" passed="1" failed="0" skipped="0">
  <reporter-output>
  </reporter-output>
  <suite started-at="2021-05-15T12:51:48 IST" name="Surefire suite" finished-at="2021-05-15T12:51:48 IST" duration-ms="155">
    <groups>
    </groups>
    <test started-at="2021-05-15T12:51:48 IST" name="Surefire test" finished-at="2021-05-15T12:51:48 IST" duration-ms="155">
      <class name="org.shaaditest.maven.AppTest">
        <test-method signature="shouldAnswerWithTrue()" started-at="2021-05-15T12:51:48 IST" name="shouldAnswerWithTrue" finished-at="2021-05-15T12:51:48 IST" duration-ms="22" status="PASS">
          <reporter-output>
          </reporter-output>
        </test-method> <!-- shouldAnswerWithTrue -->
      </class> <!-- org.shaaditest.maven.AppTest -->
    </test> <!-- Surefire test -->
  </suite> <!-- Surefire suite -->
</testng-results>
