<?xml version="1.0" encoding="UTF-8"?>
<testng-results ignored="0" total="1" passed="1" failed="0" skipped="0">
  <reporter-output>
  </reporter-output>
  <suite started-at="2021-05-14T20:52:10 IST" name="Default suite" finished-at="2021-05-14T20:52:32 IST" duration-ms="22372">
    <groups>
    </groups>
    <test started-at="2021-05-14T20:52:10 IST" name="Default test" finished-at="2021-05-14T20:52:32 IST" duration-ms="22372">
      <class name="org.shaaditest.maven.GujaratishaadiRegistrationTest">
        <test-method is-config="true" signature="initBrowser()[pri:0, instance:org.shaaditest.maven.GujaratishaadiRegistrationTest@4ac3c60d]" started-at="2021-05-14T20:52:10 IST" name="initBrowser" finished-at="2021-05-14T20:52:12 IST" duration-ms="2656" status="PASS">
          <reporter-output>
          </reporter-output>
        </test-method> <!-- initBrowser -->
        <test-method signature="gujaratiRegistration()[pri:0, instance:org.shaaditest.maven.GujaratishaadiRegistrationTest@4ac3c60d]" started-at="2021-05-14T20:52:12 IST" name="gujaratiRegistration" finished-at="2021-05-14T20:52:28 IST" duration-ms="15503" status="PASS">
          <reporter-output>
          </reporter-output>
        </test-method> <!-- gujaratiRegistration -->
        <test-method is-config="true" signature="teardown()[pri:0, instance:org.shaaditest.maven.GujaratishaadiRegistrationTest@4ac3c60d]" started-at="2021-05-14T20:52:28 IST" name="teardown" finished-at="2021-05-14T20:52:32 IST" duration-ms="4179" status="PASS">
          <reporter-output>
          </reporter-output>
        </test-method> <!-- teardown -->
      </class> <!-- org.shaaditest.maven.GujaratishaadiRegistrationTest -->
    </test> <!-- Default test -->
  </suite> <!-- Default suite -->
</testng-results>
